#
# There is insufficient memory for the Java Runtime Environment to continue.
# Native memory allocation (mmap) failed to map 132120576 bytes for G1 virtual space
# Possible reasons:
#   The system is out of physical RAM or swap space
#   The process is running with CompressedOops enabled, and the Java Heap may be blocking the growth of the native heap
# Possible solutions:
#   Reduce memory load on the system
#   Increase physical memory or swap space
#   Check if swap backing store is full
#   Decrease Java heap size (-Xmx/-Xms)
#   Decrease number of Java threads
#   Decrease Java thread stack sizes (-Xss)
#   Set larger code cache with -XX:ReservedCodeCacheSize=
#   JVM is running with Unscaled Compressed Oops mode in which the Java heap is
#     placed in the first 4GB address space. The Java Heap base address is the
#     maximum limit for the native heap growth. Please use -XX:HeapBaseMinAddress
#     to set the Java Heap base and to place the Java Heap above 4GB virtual address.
# This output file may be truncated or incomplete.
#
#  Out of Memory Error (os_windows.cpp:3550), pid=23004, tid=27360
#
# JRE version:  (17.0.8+9) (build )
# Java VM: Java HotSpot(TM) 64-Bit Server VM (17.0.8+9-LTS-211, mixed mode, sharing, tiered, compressed oops, compressed class ptrs, g1 gc, windows-amd64)
# No core dump will be written. Minidumps are not enabled by default on client versions of Windows
#

---------------  S U M M A R Y ------------

Command Line: -Dfile.encoding=UTF-8 --module-path=C:\Users\ASUS\Documents\NetBeansProjects\University Management System\build\classes Project

Host: Intel(R) Core(TM) i5-10200H CPU @ 2.40GHz, 8 cores, 7G,  Windows 11 , 64 bit Build 22621 (10.0.22621.2506)
Time: Mon Dec 18 23:03:41 2023 India Standard Time elapsed time: 0.006935 seconds (0d 0h 0m 0s)

---------------  T H R E A D  ---------------

Current thread (0x0000019fc2087f90):  JavaThread "Unknown thread" [_thread_in_vm, id=27360, stack(0x0000001d33c00000,0x0000001d33d00000)]

Stack: [0x0000001d33c00000,0x0000001d33d00000]
Native frames: (J=compiled Java code, j=interpreted, Vv=VM code, C=native code)
V  [jvm.dll+0x677d0a]
V  [jvm.dll+0x7d8c54]
V  [jvm.dll+0x7da3fe]
V  [jvm.dll+0x7daa63]
V  [jvm.dll+0x245c5f]
V  [jvm.dll+0x674bb9]
V  [jvm.dll+0x6694f2]
V  [jvm.dll+0x3031d6]
V  [jvm.dll+0x30a756]
V  [jvm.dll+0x359f9e]
V  [jvm.dll+0x35a1cf]
V  [jvm.dll+0x2da3e8]
V  [jvm.dll+0x2db354]
V  [jvm.dll+0x7aa711]
V  [jvm.dll+0x367b51]
V  [jvm.dll+0x789979]
V  [jvm.dll+0x3eb05f]
V  [jvm.dll+0x3ecae1]
C  [jli.dll+0x5297]
C  [ucrtbase.dll+0x29363]
C  [KERNEL32.DLL+0x1257d]
C  [ntdll.dll+0x5aa58]


---------------  P R O C E S S  ---------------

Threads class SMR info:
_java_thread_list=0x00007ffbaead59d8, length=0, elements={
}

Java Threads: ( => current thread )

Other Threads:
  0x0000019fc20e2760 GCTaskThread "GC Thread#0" [stack: 0x0000001d33d00000,0x0000001d33e00000] [id=20168]
  0x0000019fc20f31a0 ConcurrentGCThread "G1 Main Marker" [stack: 0x0000001d33e00000,0x0000001d33f00000] [id=27108]
  0x0000019fc20f4350 ConcurrentGCThread "G1 Conc#0" [stack: 0x0000001d33f00000,0x0000001d34000000] [id=29744]

[error occurred during error reporting (printing all threads), id 0xc0000005, EXCEPTION_ACCESS_VIOLATION (0xc0000005) at pc=0x00007ffbae30b047]

VM state: not at safepoint (not fully initialized)

VM Mutex/Monitor currently owned by a thread:  ([mutex/lock_event])
[0x0000019fc20849e0] Heap_lock - owner thread: 0x0000019fc2087f90

Heap address: 0x0000000082800000, size: 2008 MB, Compressed Oops mode: 32-bit

CDS archive(s) mapped at: [0x0000000000000000-0x0000000000000000-0x0000000000000000), size 0, SharedBaseAddress: 0x0000000800000000, ArchiveRelocationMode: 1.
Narrow klass base: 0x0000000000000000, Narrow klass shift: 0, Narrow klass range: 0x0

GC Precious Log:
<Empty>

Heap:
 garbage-first heap   total 0K, used 0K [0x0000000082800000, 0x0000000100000000)
  region size 1024K, 0 young (0K), 0 survivors (0K)

[error occurred during error reporting (printing heap information), id 0xc0000005, EXCEPTION_ACCESS_VIOLATION (0xc0000005) at pc=0x00007ffbae6f1499]

GC Heap History (0 events):
No events

Deoptimization events (0 events):
No events

Classes unloaded (0 events):
No events

Classes redefined (0 events):
No events

Internal exceptions (0 events):
No events

VM Operations (0 events):
No events

Events (1 events):
Event: 0.004 Loaded shared library C:\Program Files\Java\jdk-17\bin\java.dll


Dynamic libraries:
0x00007ff7fdaf0000 - 0x00007ff7fdb00000 	C:\Program Files\Java\jdk-17\bin\java.exe
0x00007ffbf0ed0000 - 0x00007ffbf10e7000 	C:\Windows\SYSTEM32\ntdll.dll
0x00007ffbeefd0000 - 0x00007ffbef094000 	C:\Windows\System32\KERNEL32.DLL
0x00007ffbee870000 - 0x00007ffbeec16000 	C:\Windows\System32\KERNELBASE.dll
0x00007ffbee5f0000 - 0x00007ffbee701000 	C:\Windows\System32\ucrtbase.dll
0x00007ffbe9470000 - 0x00007ffbe948b000 	C:\Program Files\Java\jdk-17\bin\VCRUNTIME140.dll
0x00007ffbe49e0000 - 0x00007ffbe49f9000 	C:\Program Files\Java\jdk-17\bin\jli.dll
0x00007ffbefe80000 - 0x00007ffbeff31000 	C:\Windows\System32\ADVAPI32.dll
0x00007ffbf0cd0000 - 0x00007ffbf0d77000 	C:\Windows\System32\msvcrt.dll
0x00007ffbf0de0000 - 0x00007ffbf0e85000 	C:\Windows\System32\sechost.dll
0x00007ffbf00f0000 - 0x00007ffbf0207000 	C:\Windows\System32\RPCRT4.dll
0x00007ffbef990000 - 0x00007ffbefb3e000 	C:\Windows\System32\USER32.dll
0x00007ffbee330000 - 0x00007ffbee356000 	C:\Windows\System32\win32u.dll
0x00007ffbd9c10000 - 0x00007ffbd9ea3000 	C:\Windows\WinSxS\amd64_microsoft.windows.common-controls_6595b64144ccf1df_6.0.22621.2506_none_270c5ae97388e100\COMCTL32.dll
0x00007ffbf0360000 - 0x00007ffbf0389000 	C:\Windows\System32\GDI32.dll
0x00007ffbee360000 - 0x00007ffbee478000 	C:\Windows\System32\gdi32full.dll
0x00007ffbee710000 - 0x00007ffbee7aa000 	C:\Windows\System32\msvcp_win.dll
0x00007ffbe74f0000 - 0x00007ffbe74fa000 	C:\Windows\SYSTEM32\VERSION.dll
0x00007ffbefb40000 - 0x00007ffbefb71000 	C:\Windows\System32\IMM32.DLL
0x00007ffbe94c0000 - 0x00007ffbe94cc000 	C:\Program Files\Java\jdk-17\bin\vcruntime140_1.dll
0x00007ffbce3b0000 - 0x00007ffbce43e000 	C:\Program Files\Java\jdk-17\bin\msvcp140.dll
0x00007ffbae020000 - 0x00007ffbaebfe000 	C:\Program Files\Java\jdk-17\bin\server\jvm.dll
0x00007ffbf0060000 - 0x00007ffbf0068000 	C:\Windows\System32\PSAPI.DLL
0x00007ffbe7220000 - 0x00007ffbe7254000 	C:\Windows\SYSTEM32\WINMM.dll
0x00007ffbe94d0000 - 0x00007ffbe94d9000 	C:\Windows\SYSTEM32\WSOCK32.dll
0x00007ffbeffe0000 - 0x00007ffbf0051000 	C:\Windows\System32\WS2_32.dll
0x00007ffbed330000 - 0x00007ffbed348000 	C:\Windows\SYSTEM32\kernel.appcore.dll
0x00007ffbe9460000 - 0x00007ffbe946a000 	C:\Program Files\Java\jdk-17\bin\jimage.dll
0x00007ffbebba0000 - 0x00007ffbebdd3000 	C:\Windows\SYSTEM32\DBGHELP.DLL
0x00007ffbeec40000 - 0x00007ffbeefc9000 	C:\Windows\System32\combase.dll
0x00007ffbefb80000 - 0x00007ffbefc57000 	C:\Windows\System32\OLEAUT32.dll
0x00007ffbd18e0000 - 0x00007ffbd1912000 	C:\Windows\SYSTEM32\dbgcore.DLL
0x00007ffbee2b0000 - 0x00007ffbee32a000 	C:\Windows\System32\bcryptPrimitives.dll
0x00007ffbda2a0000 - 0x00007ffbda2c5000 	C:\Program Files\Java\jdk-17\bin\java.dll

dbghelp: loaded successfully - version: 4.0.5 - missing functions: none
symbol engine: initialized successfully - sym options: 0x614 - pdb path: .;C:\Program Files\Java\jdk-17\bin;C:\Windows\SYSTEM32;C:\Windows\WinSxS\amd64_microsoft.windows.common-controls_6595b64144ccf1df_6.0.22621.2506_none_270c5ae97388e100;C:\Program Files\Java\jdk-17\bin\server

VM Arguments:
jvm_args: -Dfile.encoding=UTF-8 --module-path=C:\Users\ASUS\Documents\NetBeansProjects\University Management System\build\classes 
java_command: Project
java_class_path (initial): C:\Users\ASUS\Downloads\mysql-connector-java-8.0.28.jar;C:\Users\ASUS\Downloads\Youtube-2023-MERN-Medicare-Booking-Website.zip;C:\Users\ASUS\Documents\jcalendar-tz-1.3.3-4.jar;C:\Users\ASUS\Documents\rs2xml.jar;C:\Users\ASUS\Documents\NetBeansProjects\University Management System\build\classes
Launcher Type: SUN_STANDARD

[Global flags]
     intx CICompilerCount                          = 4                                         {product} {ergonomic}
     uint ConcGCThreads                            = 2                                         {product} {ergonomic}
     uint G1ConcRefinementThreads                  = 8                                         {product} {ergonomic}
   size_t G1HeapRegionSize                         = 1048576                                   {product} {ergonomic}
    uintx GCDrainStackTargetSize                   = 64                                        {product} {ergonomic}
   size_t InitialHeapSize                          = 132120576                                 {product} {ergonomic}
   size_t MarkStackSize                            = 4194304                                   {product} {ergonomic}
   size_t MaxHeapSize                              = 2105540608                                {product} {ergonomic}
   size_t MinHeapDeltaBytes                        = 1048576                                   {product} {ergonomic}
   size_t MinHeapSize                              = 8388608                                   {product} {ergonomic}
    uintx NonNMethodCodeHeapSize                   = 5839372                                {pd product} {ergonomic}
    uintx NonProfiledCodeHeapSize                  = 122909434                              {pd product} {ergonomic}
    uintx ProfiledCodeHeapSize                     = 122909434                              {pd product} {ergonomic}
    uintx ReservedCodeCacheSize                    = 251658240                              {pd product} {ergonomic}
     bool SegmentedCodeCache                       = true                                      {product} {ergonomic}
   size_t SoftMaxHeapSize                          = 2105540608                             {manageable} {ergonomic}
     bool UseCompressedClassPointers               = true                           {product lp64_product} {ergonomic}
     bool UseCompressedOops                        = true                           {product lp64_product} {ergonomic}
     bool UseG1GC                                  = true                                      {product} {ergonomic}
     bool UseLargePagesIndividualAllocation        = false                                  {pd product} {ergonomic}

Logging:
Log output configuration:
 #0: stdout all=warning uptime,level,tags
 #1: stderr all=off uptime,level,tags

Environment Variables:
PATH=C:\Python312\Scripts\;C:\Python312\;C:\Program Files\Common Files\Oracle\Java\javapath;C:\Windows\system32;C:\Windows;C:\Windows\System32\Wbem;C:\Windows\System32\WindowsPowerShell\v1.0\;C:\Windows\System32\OpenSSH\;C:\MinGW\bin;C:\Program Files\Java\jdk-17\bin;;C:\Program Files\Docker\Docker\resources\bin;C:\ProgramData\chocolatey\bin;C:\Program Files\nodejs\;C:\Program Files\PowerShell\7\;C:\Users\ASUS\AppData\Local\Programs\Python\Python311\Scripts\;C:\Users\ASUS\AppData\Local\Programs\Python\Python311\;C:\Program Files\MySQL\MySQL Shell 8.0\bin\;C:\Users\ASUS\AppData\Local\Microsoft\WindowsApps;;C:\Users\ASUS\AppData\Local\Programs\Microsoft VS Code\bin;C:\Users\ASUS\AppData\Roaming\npm
USERNAME=ASUS
OS=Windows_NT
PROCESSOR_IDENTIFIER=Intel64 Family 6 Model 165 Stepping 2, GenuineIntel



---------------  S Y S T E M  ---------------

OS:
 Windows 11 , 64 bit Build 22621 (10.0.22621.2506)
OS uptime: 0 days 12:50 hours

CPU: total 8 (initial active 8) (4 cores per cpu, 2 threads per core) family 6 model 165 stepping 2 microcode 0xe0, cx8, cmov, fxsr, ht, mmx, 3dnowpref, sse, sse2, sse3, ssse3, sse4.1, sse4.2, popcnt, lzcnt, tsc, tscinvbit, avx, avx2, aes, erms, clmul, bmi1, bmi2, adx, fma, vzeroupper, clflush, clflushopt

Memory: 4k page, system-wide physical 8029M (900M free)
TotalPageFile size 28014M (AvailPageFile size 83M)
current process WorkingSet (physical memory assigned to process): 11M, peak: 11M
current process commit charge ("private bytes"): 60M, peak: 186M

vm_info: Java HotSpot(TM) 64-Bit Server VM (17.0.8+9-LTS-211) for windows-amd64 JRE (17.0.8+9-LTS-211), built on Jun 14 2023 10:34:31 by "mach5one" with MS VC++ 17.1 (VS2022)

END.
